E:\C代码\比特66班\20190916\20190916\DEBUG\TEST.OBJ
E:\C代码\比特66班\20190916\20190916\DEBUG\VC110.PDB
E:\C代码\比特66班\20190916\DEBUG\20190916.ILK
E:\C代码\比特66班\20190916\DEBUG\20190916.EXE
E:\C代码\比特66班\20190916\DEBUG\20190916.PDB
E:\C代码\比特66班\20190916\20190916\Debug\test.obj
E:\C代码\比特66班\20190916\20190916\Debug\cl.command.1.tlog
E:\C代码\比特66班\20190916\20190916\Debug\CL.read.1.tlog
E:\C代码\比特66班\20190916\20190916\Debug\CL.write.1.tlog
E:\C代码\比特66班\20190916\20190916\Debug\link-cvtres.read.1.tlog
E:\C代码\比特66班\20190916\20190916\Debug\link-cvtres.write.1.tlog
E:\C代码\比特66班\20190916\20190916\Debug\link-rc.read.1.tlog
E:\C代码\比特66班\20190916\20190916\Debug\link-rc.write.1.tlog
E:\C代码\比特66班\20190916\20190916\Debug\link.command.1.tlog
E:\C代码\比特66班\20190916\20190916\Debug\link.read.1.tlog
E:\C代码\比特66班\20190916\20190916\Debug\link.write.1.tlog
E:\C代码\比特66班\20190916\20190916\Debug\vc110.idb
E:\C代码\比特66班\20190916\20190916\Debug\vc110.pdb
E:\C代码\比特66班\20190916\Debug\20190916.pdb
E:\C代码\比特66班\20190916\Debug\20190916.exe
E:\C代码\比特66班\20190916\Debug\20190916.ilk
